Flow report for eight_three_encoder_new
Thu Aug 14 12:38:25 2025
Quartus Prime Version 18.1.0 Build 625 09/12/2018 SJ Lite Edition


---------------------
; Table of Contents ;
---------------------
  1. Legal Notice
  2. Flow Summary
  3. Flow Settings
  4. Flow Non-Default Global Settings
  5. Flow Elapsed Time
  6. Flow OS Summary
  7. Flow Log
  8. Flow Messages
  9. Flow Suppressed Messages



----------------
; Legal Notice ;
----------------
Copyright (C) 2018  Intel Corporation. All rights reserved.
Your use of Intel Corporation's design tools, logic functions 
and other software and tools, and its AMPP partner logic 
functions, and any output files from any of the foregoing 
(including device programming or simulation files), and any 
associated documentation or information are expressly subject 
to the terms and conditions of the Intel Program License 
Subscription Agreement, the Intel Quartus Prime License Agreement,
the Intel FPGA IP License Agreement, or other applicable license
agreement, including, without limitation, that your use is for
the sole purpose of programming logic devices manufactured by
Intel and sold by Intel or its authorized distributors.  Please
refer to the applicable agreement for further details.



+----------------------------------------------------------------------------------+
; Flow Summary                                                                     ;
+------------------------------------+---------------------------------------------+
; Flow Status                        ; Successful - Thu Aug 14 12:38:25 2025       ;
; Quartus Prime Version              ; 18.1.0 Build 625 09/12/2018 SJ Lite Edition ;
; Revision Name                      ; eight_three_encoder_new                     ;
; Top-level Entity Name              ; DUT                                         ;
; Family                             ; MAX 10                                      ;
; Device                             ; 10M08DAF484C8G                              ;
; Timing Models                      ; Final                                       ;
; Total logic elements               ; 6 / 8,064 ( < 1 % )                         ;
;     Total combinational functions  ; 6 / 8,064 ( < 1 % )                         ;
;     Dedicated logic registers      ; 0 / 8,064 ( 0 % )                           ;
; Total registers                    ; 0                                           ;
; Total pins                         ; 12 / 250 ( 5 % )                            ;
; Total virtual pins                 ; 0                                           ;
; Total memory bits                  ; 0 / 387,072 ( 0 % )                         ;
; Embedded Multiplier 9-bit elements ; 0 / 48 ( 0 % )                              ;
; Total PLLs                         ; 0 / 2 ( 0 % )                               ;
; UFM blocks                         ; 0 / 1 ( 0 % )                               ;
; ADC blocks                         ; 0 / 1 ( 0 % )                               ;
+------------------------------------+---------------------------------------------+


+---------------------------------------------+
; Flow Settings                               ;
+-------------------+-------------------------+
; Option            ; Setting                 ;
+-------------------+-------------------------+
; Start date & time ; 08/14/2025 12:37:48     ;
; Main task         ; Compilation             ;
; Revision Name     ; eight_three_encoder_new ;
+-------------------+-------------------------+


+----------------------------------------------------------------------------------------------------------------------------------------+
; Flow Non-Default Global Settings                                                                                                       ;
+--------------------------------------+----------------------------------------+-------------------------+-------------+----------------+
; Assignment Name                      ; Value                                  ; Default Value           ; Entity Name ; Section Id     ;
+--------------------------------------+----------------------------------------+-------------------------+-------------+----------------+
; COMPILER_SIGNATURE_ID                ; 83972793934189.175515526834552         ; --                      ; --          ; --             ;
; EDA_DESIGN_INSTANCE_NAME             ; NA                                     ; --                      ; --          ; Testbench      ;
; EDA_NATIVELINK_SIMULATION_TEST_BENCH ; Testbench                              ; --                      ; --          ; eda_simulation ;
; EDA_OUTPUT_DATA_FORMAT               ; Verilog Hdl                            ; --                      ; --          ; eda_simulation ;
; EDA_SIMULATION_TOOL                  ; ModelSim-Altera (Verilog)              ; <None>                  ; --          ; --             ;
; EDA_TEST_BENCH_ENABLE_STATUS         ; TEST_BENCH_MODE                        ; --                      ; --          ; eda_simulation ;
; EDA_TEST_BENCH_FILE                  ; TRACEFILE.txt                          ; --                      ; --          ; Testbench      ;
; EDA_TEST_BENCH_FILE                  ; Testbench.vhdl                         ; --                      ; --          ; Testbench      ;
; EDA_TEST_BENCH_MODULE_NAME           ; Testbench                              ; --                      ; --          ; Testbench      ;
; EDA_TEST_BENCH_NAME                  ; Testbench                              ; --                      ; --          ; eda_simulation ;
; EDA_TIME_SCALE                       ; 1 ps                                   ; --                      ; --          ; eda_simulation ;
; MAX_CORE_JUNCTION_TEMP               ; 85                                     ; --                      ; --          ; --             ;
; MIN_CORE_JUNCTION_TEMP               ; 0                                      ; --                      ; --          ; --             ;
; PARTITION_COLOR                      ; -- (Not supported for targeted family) ; --                      ; DUT         ; Top            ;
; PARTITION_FITTER_PRESERVATION_LEVEL  ; -- (Not supported for targeted family) ; --                      ; DUT         ; Top            ;
; PARTITION_NETLIST_TYPE               ; -- (Not supported for targeted family) ; --                      ; DUT         ; Top            ;
; POWER_BOARD_THERMAL_MODEL            ; None (CONSERVATIVE)                    ; --                      ; --          ; --             ;
; POWER_PRESET_COOLING_SOLUTION        ; 23 MM HEAT SINK WITH 200 LFPM AIRFLOW  ; --                      ; --          ; --             ;
; PROJECT_OUTPUT_DIRECTORY             ; output_files                           ; --                      ; --          ; --             ;
; TOP_LEVEL_ENTITY                     ; DUT                                    ; eight_three_encoder_new ; --          ; --             ;
+--------------------------------------+----------------------------------------+-------------------------+-------------+----------------+


+--------------------------------------------------------------------------------------------------------------------------+
; Flow Elapsed Time                                                                                                        ;
+----------------------+--------------+-------------------------+---------------------+------------------------------------+
; Module Name          ; Elapsed Time ; Average Processors Used ; Peak Virtual Memory ; Total CPU Time (on all processors) ;
+----------------------+--------------+-------------------------+---------------------+------------------------------------+
; Analysis & Synthesis ; 00:00:14     ; 1.0                     ; 4808 MB             ; 00:00:25                           ;
; Fitter               ; 00:00:11     ; 1.0                     ; 6488 MB             ; 00:00:09                           ;
; Assembler            ; 00:00:02     ; 1.0                     ; 4676 MB             ; 00:00:01                           ;
; Timing Analyzer      ; 00:00:04     ; 1.0                     ; 4891 MB             ; 00:00:04                           ;
; EDA Netlist Writer   ; 00:00:01     ; 1.0                     ; 4643 MB             ; 00:00:01                           ;
; Total                ; 00:00:32     ; --                      ; --                  ; 00:00:40                           ;
+----------------------+--------------+-------------------------+---------------------+------------------------------------+


+------------------------------------------------------------------------------------+
; Flow OS Summary                                                                    ;
+----------------------+------------------+------------+------------+----------------+
; Module Name          ; Machine Hostname ; OS Name    ; OS Version ; Processor type ;
+----------------------+------------------+------------+------------+----------------+
; Analysis & Synthesis ; Shridhar         ; Windows 10 ; 10.0       ; x86_64         ;
; Fitter               ; Shridhar         ; Windows 10 ; 10.0       ; x86_64         ;
; Assembler            ; Shridhar         ; Windows 10 ; 10.0       ; x86_64         ;
; Timing Analyzer      ; Shridhar         ; Windows 10 ; 10.0       ; x86_64         ;
; EDA Netlist Writer   ; Shridhar         ; Windows 10 ; 10.0       ; x86_64         ;
+----------------------+------------------+------------+------------+----------------+


------------
; Flow Log ;
------------
quartus_map --read_settings_files=on --write_settings_files=off eight_three_encoder_new -c eight_three_encoder_new
quartus_fit --read_settings_files=off --write_settings_files=off eight_three_encoder_new -c eight_three_encoder_new
quartus_asm --read_settings_files=off --write_settings_files=off eight_three_encoder_new -c eight_three_encoder_new
quartus_sta eight_three_encoder_new -c eight_three_encoder_new
quartus_eda --read_settings_files=off --write_settings_files=off eight_three_encoder_new -c eight_three_encoder_new



